<?xml version="1.0" encoding="UTF-8"?>
<testng-results ignored="0" total="1" passed="1" failed="0" skipped="0">
  <reporter-output>
  </reporter-output>
  <suite started-at="2022-08-09T18:28:10 IST" name="Default suite" finished-at="2022-08-09T18:28:13 IST" duration-ms="3170">
    <groups>
    </groups>
    <test started-at="2022-08-09T18:28:10 IST" name="Default test" finished-at="2022-08-09T18:28:13 IST" duration-ms="3170">
      <class name="com.tyss.studentmanagement.AddClassroom">
        <test-method is-config="true" signature="dbConfig()[pri:0, instance:com.tyss.studentmanagement.AddClassroom@21282ed8]" started-at="2022-08-09T18:28:10 IST" name="dbConfig" finished-at="2022-08-09T18:28:10 IST" duration-ms="6" status="PASS">
          <reporter-output>
          </reporter-output>
        </test-method> <!-- dbConfig -->
        <test-method is-config="true" signature="lauchTheBrowser()[pri:0, instance:com.tyss.studentmanagement.AddClassroom@21282ed8]" started-at="2022-08-09T18:28:10 IST" name="lauchTheBrowser" finished-at="2022-08-09T18:28:12 IST" duration-ms="2200" status="PASS">
          <reporter-output>
          </reporter-output>
        </test-method> <!-- lauchTheBrowser -->
        <test-method is-config="true" signature="loginToApp()[pri:0, instance:com.tyss.studentmanagement.AddClassroom@21282ed8]" started-at="2022-08-09T18:28:12 IST" name="loginToApp" finished-at="2022-08-09T18:28:12 IST" duration-ms="448" status="PASS">
          <reporter-output>
          </reporter-output>
        </test-method> <!-- loginToApp -->
        <test-method signature="classroom()[pri:0, instance:com.tyss.studentmanagement.AddClassroom@21282ed8]" started-at="2022-08-09T18:28:12 IST" name="classroom" finished-at="2022-08-09T18:28:13 IST" duration-ms="173" status="PASS">
          <reporter-output>
          </reporter-output>
        </test-method> <!-- classroom -->
        <test-method is-config="true" signature="logoutFromApp()[pri:0, instance:com.tyss.studentmanagement.AddClassroom@21282ed8]" started-at="2022-08-09T18:28:13 IST" name="logoutFromApp" finished-at="2022-08-09T18:28:13 IST" duration-ms="142" status="PASS">
          <reporter-output>
          </reporter-output>
        </test-method> <!-- logoutFromApp -->
        <test-method is-config="true" signature="closeBrowser()[pri:0, instance:com.tyss.studentmanagement.AddClassroom@21282ed8]" started-at="2022-08-09T18:28:13 IST" name="closeBrowser" finished-at="2022-08-09T18:28:13 IST" duration-ms="179" status="PASS">
          <reporter-output>
          </reporter-output>
        </test-method> <!-- closeBrowser -->
        <test-method is-config="true" signature="closeDBConn()[pri:0, instance:com.tyss.studentmanagement.AddClassroom@21282ed8]" started-at="2022-08-09T18:28:13 IST" name="closeDBConn" finished-at="2022-08-09T18:28:13 IST" duration-ms="0" status="PASS">
          <reporter-output>
          </reporter-output>
        </test-method> <!-- closeDBConn -->
      </class> <!-- com.tyss.studentmanagement.AddClassroom -->
    </test> <!-- Default test -->
  </suite> <!-- Default suite -->
</testng-results>
